android/app/build/intermediates/manifest_merge_blame_file/release/manifest-merger-blame-release-report.txt
1<?xml version="1.0" encoding="utf-8"?>
2<manifest xmlns:android="http://schemas.android.com/apk/res/android"
3    package="com.messengerclone"
4    android:versionCode="1"
5    android:versionName="1.0" >
6
7    <uses-sdk
8        android:minSdkVersion="21"
8-->src\main\AndroidManifest.xml
9        android:targetSdkVersion="29" />
9-->src\main\AndroidManifest.xml
10
11    <uses-permission android:name="android.permission.INTERNET" />
11-->src\main\AndroidManifest.xml:4:5-67
11-->src\main\AndroidManifest.xml:4:22-64
12    <uses-permission android:name="android.permission.WAKE_LOCK" />
12-->[:react-native-firebase_auth] AndroidManifest.xml:12:5-68
12-->[:react-native-firebase_auth] AndroidManifest.xml:12:22-65
13    <uses-permission android:name="android.permission.ACCESS_NETWORK_STATE" /> <!-- Create a unique permission for your app and use it so only your app can receive your OneSignal messages. -->
13-->[:react-native-firebase_auth] AndroidManifest.xml:13:5-79
13-->[:react-native-firebase_auth] AndroidManifest.xml:13:22-76
14    <permission
14-->[com.onesignal:OneSignal:3.15.4] AndroidManifest.xml:7:5-9:47
15        android:name="com.messengerclone.permission.C2D_MESSAGE"
15-->[com.onesignal:OneSignal:3.15.4] AndroidManifest.xml:8:9-63
16        android:protectionLevel="signature" />
16-->[com.onesignal:OneSignal:3.15.4] AndroidManifest.xml:9:9-44
17
18    <uses-permission android:name="com.messengerclone.permission.C2D_MESSAGE" />
18-->[com.onesignal:OneSignal:3.15.4] AndroidManifest.xml:11:5-79
18-->[com.onesignal:OneSignal:3.15.4] AndroidManifest.xml:11:22-76
19    <uses-permission android:name="com.google.android.c2dm.permission.RECEIVE" />
19-->[com.onesignal:OneSignal:3.15.4] AndroidManifest.xml:17:5-82
19-->[com.onesignal:OneSignal:3.15.4] AndroidManifest.xml:17:22-79
20    <!--
21 Required so the device vibrates on receiving a push notification.
22         Vibration settings of the device still apply.
23    -->
24    <uses-permission android:name="android.permission.VIBRATE" />
24-->[com.onesignal:OneSignal:3.15.4] AndroidManifest.xml:23:5-66
24-->[com.onesignal:OneSignal:3.15.4] AndroidManifest.xml:23:22-63
25    <!--
26 Use to restore notifications the user hasn't interacted with.
27         They could be missed notifications if the user reboots their device if this isn't in place.
28    -->
29    <uses-permission android:name="android.permission.RECEIVE_BOOT_COMPLETED" /> <!-- START: ShortcutBadger -->
29-->[com.onesignal:OneSignal:3.15.4] AndroidManifest.xml:29:5-81
29-->[com.onesignal:OneSignal:3.15.4] AndroidManifest.xml:29:22-78
30    <!-- Samsung -->
31    <uses-permission android:name="com.sec.android.provider.badge.permission.READ" />
31-->[com.onesignal:OneSignal:3.15.4] AndroidManifest.xml:31:5-86
31-->[com.onesignal:OneSignal:3.15.4] AndroidManifest.xml:31:22-83
32    <uses-permission android:name="com.sec.android.provider.badge.permission.WRITE" /> <!-- HTC -->
32-->[com.onesignal:OneSignal:3.15.4] AndroidManifest.xml:32:5-87
32-->[com.onesignal:OneSignal:3.15.4] AndroidManifest.xml:32:22-84
33    <uses-permission android:name="com.htc.launcher.permission.READ_SETTINGS" />
33-->[com.onesignal:OneSignal:3.15.4] AndroidManifest.xml:33:5-81
33-->[com.onesignal:OneSignal:3.15.4] AndroidManifest.xml:33:22-78
34    <uses-permission android:name="com.htc.launcher.permission.UPDATE_SHORTCUT" /> <!-- Sony -->
34-->[com.onesignal:OneSignal:3.15.4] AndroidManifest.xml:34:5-83
34-->[com.onesignal:OneSignal:3.15.4] AndroidManifest.xml:34:22-80
35    <uses-permission android:name="com.sonyericsson.home.permission.BROADCAST_BADGE" />
35-->[com.onesignal:OneSignal:3.15.4] AndroidManifest.xml:35:5-88
35-->[com.onesignal:OneSignal:3.15.4] AndroidManifest.xml:35:22-85
36    <uses-permission android:name="com.sonymobile.home.permission.PROVIDER_INSERT_BADGE" /> <!-- Apex -->
36-->[com.onesignal:OneSignal:3.15.4] AndroidManifest.xml:36:5-92
36-->[com.onesignal:OneSignal:3.15.4] AndroidManifest.xml:36:22-89
37    <uses-permission android:name="com.anddoes.launcher.permission.UPDATE_COUNT" /> <!-- Solid -->
37-->[com.onesignal:OneSignal:3.15.4] AndroidManifest.xml:37:5-84
37-->[com.onesignal:OneSignal:3.15.4] AndroidManifest.xml:37:22-81
38    <uses-permission android:name="com.majeur.launcher.permission.UPDATE_BADGE" /> <!-- Huawei -->
38-->[com.onesignal:OneSignal:3.15.4] AndroidManifest.xml:38:5-83
38-->[com.onesignal:OneSignal:3.15.4] AndroidManifest.xml:38:22-80
39    <uses-permission android:name="com.huawei.android.launcher.permission.CHANGE_BADGE" />
39-->[com.onesignal:OneSignal:3.15.4] AndroidManifest.xml:39:5-91
39-->[com.onesignal:OneSignal:3.15.4] AndroidManifest.xml:39:22-88
40    <uses-permission android:name="com.huawei.android.launcher.permission.READ_SETTINGS" />
40-->[com.onesignal:OneSignal:3.15.4] AndroidManifest.xml:40:5-92
40-->[com.onesignal:OneSignal:3.15.4] AndroidManifest.xml:40:22-89
41    <uses-permission android:name="com.huawei.android.launcher.permission.WRITE_SETTINGS" /> <!-- ZUK -->
41-->[com.onesignal:OneSignal:3.15.4] AndroidManifest.xml:41:5-93
41-->[com.onesignal:OneSignal:3.15.4] AndroidManifest.xml:41:22-90
42    <uses-permission android:name="android.permission.READ_APP_BADGE" /> <!-- OPPO -->
42-->[com.onesignal:OneSignal:3.15.4] AndroidManifest.xml:42:5-73
42-->[com.onesignal:OneSignal:3.15.4] AndroidManifest.xml:42:22-70
43    <uses-permission android:name="com.oppo.launcher.permission.READ_SETTINGS" />
43-->[com.onesignal:OneSignal:3.15.4] AndroidManifest.xml:43:5-82
43-->[com.onesignal:OneSignal:3.15.4] AndroidManifest.xml:43:22-79
44    <uses-permission android:name="com.oppo.launcher.permission.WRITE_SETTINGS" /> <!-- EvMe -->
44-->[com.onesignal:OneSignal:3.15.4] AndroidManifest.xml:44:5-83
44-->[com.onesignal:OneSignal:3.15.4] AndroidManifest.xml:44:22-80
45    <uses-permission android:name="me.everything.badger.permission.BADGE_COUNT_READ" />
45-->[com.onesignal:OneSignal:3.15.4] AndroidManifest.xml:45:5-88
45-->[com.onesignal:OneSignal:3.15.4] AndroidManifest.xml:45:22-85
46    <uses-permission android:name="me.everything.badger.permission.BADGE_COUNT_WRITE" />
46-->[com.onesignal:OneSignal:3.15.4] AndroidManifest.xml:46:5-89
46-->[com.onesignal:OneSignal:3.15.4] AndroidManifest.xml:46:22-86
47
48    <application
48-->src\main\AndroidManifest.xml:6:5-25:19
49        android:name="com.messengerclone.MainApplication"
49-->src\main\AndroidManifest.xml:7:7-38
50        android:allowBackup="false"
50-->src\main\AndroidManifest.xml:11:7-34
51        android:appComponentFactory="androidx.core.app.CoreComponentFactory"
51-->[androidx.core:core:1.0.1] AndroidManifest.xml:22:18-86
52        android:icon="@mipmap/ic_launcher"
52-->src\main\AndroidManifest.xml:9:7-41
53        android:label="@string/app_name"
53-->src\main\AndroidManifest.xml:8:7-39
54        android:roundIcon="@mipmap/ic_launcher_round"
54-->src\main\AndroidManifest.xml:10:7-52
55        android:theme="@style/AppTheme" >
55-->src\main\AndroidManifest.xml:12:7-38
56        <activity
56-->src\main\AndroidManifest.xml:13:7-23:18
57            android:name="com.messengerclone.MainActivity"
57-->src\main\AndroidManifest.xml:14:9-37
58            android:configChanges="keyboard|keyboardHidden|orientation|screenSize|uiMode"
58-->src\main\AndroidManifest.xml:16:9-86
59            android:label="@string/app_name"
59-->src\main\AndroidManifest.xml:15:9-41
60            android:launchMode="singleTask"
60-->src\main\AndroidManifest.xml:17:9-40
61            android:windowSoftInputMode="adjustResize" >
61-->src\main\AndroidManifest.xml:18:9-51
62            <intent-filter>
62-->src\main\AndroidManifest.xml:19:9-22:25
63                <action android:name="android.intent.action.MAIN" />
63-->src\main\AndroidManifest.xml:20:13-65
63-->src\main\AndroidManifest.xml:20:21-62
64
65                <category android:name="android.intent.category.LAUNCHER" />
65-->src\main\AndroidManifest.xml:21:13-73
65-->src\main\AndroidManifest.xml:21:23-70
66            </intent-filter>
67        </activity>
68        <activity android:name="com.facebook.react.devsupport.DevSettingsActivity" />
68-->src\main\AndroidManifest.xml:24:7-84
68-->src\main\AndroidManifest.xml:24:17-81
69        <activity
69-->[com.google.firebase:firebase-auth:20.0.1] AndroidManifest.xml:27:9-44:20
70            android:name="com.google.firebase.auth.internal.GenericIdpActivity"
70-->[com.google.firebase:firebase-auth:20.0.1] AndroidManifest.xml:28:13-80
71            android:excludeFromRecents="true"
71-->[com.google.firebase:firebase-auth:20.0.1] AndroidManifest.xml:29:13-46
72            android:exported="true"
72-->[com.google.firebase:firebase-auth:20.0.1] AndroidManifest.xml:30:13-36
73            android:launchMode="singleTask"
73-->[com.google.firebase:firebase-auth:20.0.1] AndroidManifest.xml:31:13-44
74            android:theme="@android:style/Theme.Translucent.NoTitleBar" >
74-->[com.google.firebase:firebase-auth:20.0.1] AndroidManifest.xml:32:13-72
75            <intent-filter>
75-->[com.google.firebase:firebase-auth:20.0.1] AndroidManifest.xml:33:13-43:29
76                <action android:name="android.intent.action.VIEW" />
76-->[com.google.firebase:firebase-auth:20.0.1] AndroidManifest.xml:34:17-69
76-->[com.google.firebase:firebase-auth:20.0.1] AndroidManifest.xml:34:25-66
77
78                <category android:name="android.intent.category.DEFAULT" />
78-->[com.google.firebase:firebase-auth:20.0.1] AndroidManifest.xml:36:17-76
78-->[com.google.firebase:firebase-auth:20.0.1] AndroidManifest.xml:36:27-73
79                <category android:name="android.intent.category.BROWSABLE" />
79-->[com.google.firebase:firebase-auth:20.0.1] AndroidManifest.xml:37:17-78
79-->[com.google.firebase:firebase-auth:20.0.1] AndroidManifest.xml:37:27-75
80
81                <data
81-->[com.google.firebase:firebase-auth:20.0.1] AndroidManifest.xml:39:17-42:51
82                    android:host="firebase.auth"
82-->[com.google.firebase:firebase-auth:20.0.1] AndroidManifest.xml:40:21-49
83                    android:path="/"
83-->[com.google.firebase:firebase-auth:20.0.1] AndroidManifest.xml:41:21-37
84                    android:scheme="genericidp" />
84-->[com.google.firebase:firebase-auth:20.0.1] AndroidManifest.xml:42:21-48
85            </intent-filter>
86        </activity>
87        <activity
87-->[com.google.firebase:firebase-auth:20.0.1] AndroidManifest.xml:45:9-62:20
88            android:name="com.google.firebase.auth.internal.RecaptchaActivity"
88-->[com.google.firebase:firebase-auth:20.0.1] AndroidManifest.xml:46:13-79
89            android:excludeFromRecents="true"
89-->[com.google.firebase:firebase-auth:20.0.1] AndroidManifest.xml:47:13-46
90            android:exported="true"
90-->[com.google.firebase:firebase-auth:20.0.1] AndroidManifest.xml:48:13-36
91            android:launchMode="singleTask"
91-->[com.google.firebase:firebase-auth:20.0.1] AndroidManifest.xml:49:13-44
92            android:theme="@android:style/Theme.Translucent.NoTitleBar" >
92-->[com.google.firebase:firebase-auth:20.0.1] AndroidManifest.xml:50:13-72
93            <intent-filter>
93-->[com.google.firebase:firebase-auth:20.0.1] AndroidManifest.xml:51:13-61:29
94                <action android:name="android.intent.action.VIEW" />
94-->[com.google.firebase:firebase-auth:20.0.1] AndroidManifest.xml:34:17-69
94-->[com.google.firebase:firebase-auth:20.0.1] AndroidManifest.xml:34:25-66
95
96                <category android:name="android.intent.category.DEFAULT" />
96-->[com.google.firebase:firebase-auth:20.0.1] AndroidManifest.xml:36:17-76
96-->[com.google.firebase:firebase-auth:20.0.1] AndroidManifest.xml:36:27-73
97                <category android:name="android.intent.category.BROWSABLE" />
97-->[com.google.firebase:firebase-auth:20.0.1] AndroidManifest.xml:37:17-78
97-->[com.google.firebase:firebase-auth:20.0.1] AndroidManifest.xml:37:27-75
98
99                <data
99-->[com.google.firebase:firebase-auth:20.0.1] AndroidManifest.xml:39:17-42:51
100                    android:host="firebase.auth"
100-->[com.google.firebase:firebase-auth:20.0.1] AndroidManifest.xml:40:21-49
101                    android:path="/"
101-->[com.google.firebase:firebase-auth:20.0.1] AndroidManifest.xml:41:21-37
102                    android:scheme="recaptcha" />
102-->[com.google.firebase:firebase-auth:20.0.1] AndroidManifest.xml:42:21-48
103            </intent-filter>
104        </activity>
105
106        <service
106-->[com.google.firebase:firebase-auth:20.0.1] AndroidManifest.xml:64:9-73:19
107            android:name="com.google.firebase.auth.api.fallback.service.FirebaseAuthFallbackService"
107-->[com.google.firebase:firebase-auth:20.0.1] AndroidManifest.xml:65:13-101
108            android:enabled="true"
108-->[com.google.firebase:firebase-auth:20.0.1] AndroidManifest.xml:66:13-35
109            android:exported="false" >
109-->[com.google.firebase:firebase-auth:20.0.1] AndroidManifest.xml:67:13-37
110            <intent-filter>
110-->[com.google.firebase:firebase-auth:20.0.1] AndroidManifest.xml:68:13-72:29
111                <action android:name="com.google.firebase.auth.api.gms.service.START" />
111-->[com.google.firebase:firebase-auth:20.0.1] AndroidManifest.xml:69:17-89
111-->[com.google.firebase:firebase-auth:20.0.1] AndroidManifest.xml:69:25-86
112
113                <category android:name="android.intent.category.DEFAULT" />
113-->[com.google.firebase:firebase-auth:20.0.1] AndroidManifest.xml:36:17-76
113-->[com.google.firebase:firebase-auth:20.0.1] AndroidManifest.xml:36:27-73
114            </intent-filter>
115        </service>
116        <service
116-->[com.google.firebase:firebase-auth:20.0.1] AndroidManifest.xml:74:9-80:19
117            android:name="com.google.firebase.components.ComponentDiscoveryService"
117-->[com.google.firebase:firebase-auth:20.0.1] AndroidManifest.xml:75:13-84
118            android:directBootAware="true"
118-->[com.google.firebase:firebase-common:19.4.0] AndroidManifest.xml:35:13-43
119            android:exported="false" >
119-->[com.google.firebase:firebase-auth:20.0.1] AndroidManifest.xml:76:13-37
120            <meta-data
120-->[com.google.firebase:firebase-auth:20.0.1] AndroidManifest.xml:77:13-79:85
121                android:name="com.google.firebase.components:com.google.firebase.auth.FirebaseAuthRegistrar"
121-->[com.google.firebase:firebase-auth:20.0.1] AndroidManifest.xml:78:17-109
122                android:value="com.google.firebase.components.ComponentRegistrar" />
122-->[com.google.firebase:firebase-auth:20.0.1] AndroidManifest.xml:79:17-82
123            <meta-data
123-->[com.google.firebase:firebase-functions:19.1.0] AndroidManifest.xml:18:13-20:85
124                android:name="com.google.firebase.components:com.google.firebase.functions.FunctionsRegistrar"
124-->[com.google.firebase:firebase-functions:19.1.0] AndroidManifest.xml:19:17-111
125                android:value="com.google.firebase.components.ComponentRegistrar" />
125-->[com.google.firebase:firebase-functions:19.1.0] AndroidManifest.xml:20:17-82
126            <meta-data
126-->[com.google.firebase:firebase-firestore:22.0.0] AndroidManifest.xml:20:13-22:85
127                android:name="com.google.firebase.components:com.google.firebase.firestore.FirestoreRegistrar"
127-->[com.google.firebase:firebase-firestore:22.0.0] AndroidManifest.xml:21:17-111
128                android:value="com.google.firebase.components.ComponentRegistrar" />
128-->[com.google.firebase:firebase-firestore:22.0.0] AndroidManifest.xml:22:17-82
129            <meta-data
129-->[com.google.firebase:firebase-messaging:21.0.0] AndroidManifest.xml:39:13-41:85
130                android:name="com.google.firebase.components:com.google.firebase.messaging.FirebaseMessagingRegistrar"
130-->[com.google.firebase:firebase-messaging:21.0.0] AndroidManifest.xml:40:17-119
131                android:value="com.google.firebase.components.ComponentRegistrar" />
131-->[com.google.firebase:firebase-messaging:21.0.0] AndroidManifest.xml:41:17-82
132            <meta-data
132-->[com.google.firebase:firebase-iid:21.0.0] AndroidManifest.xml:32:13-34:85
133                android:name="com.google.firebase.components:com.google.firebase.iid.Registrar"
133-->[com.google.firebase:firebase-iid:21.0.0] AndroidManifest.xml:33:17-96
134                android:value="com.google.firebase.components.ComponentRegistrar" />
134-->[com.google.firebase:firebase-iid:21.0.0] AndroidManifest.xml:34:17-82
135            <meta-data
135-->[com.google.firebase:firebase-installations:16.3.4] AndroidManifest.xml:18:13-20:85
136                android:name="com.google.firebase.components:com.google.firebase.installations.FirebaseInstallationsRegistrar"
136-->[com.google.firebase:firebase-installations:16.3.4] AndroidManifest.xml:19:17-127
137                android:value="com.google.firebase.components.ComponentRegistrar" />
137-->[com.google.firebase:firebase-installations:16.3.4] AndroidManifest.xml:20:17-82
138            <meta-data
138-->[com.google.firebase:firebase-datatransport:17.0.3] AndroidManifest.xml:28:13-30:85
139                android:name="com.google.firebase.components:com.google.firebase.datatransport.TransportRegistrar"
139-->[com.google.firebase:firebase-datatransport:17.0.3] AndroidManifest.xml:29:17-115
140                android:value="com.google.firebase.components.ComponentRegistrar" />
140-->[com.google.firebase:firebase-datatransport:17.0.3] AndroidManifest.xml:30:17-82
141        </service>
142
143        <activity
143-->[com.google.android.gms:play-services-auth:18.1.0] AndroidManifest.xml:23:9-27:75
144            android:name="com.google.android.gms.auth.api.signin.internal.SignInHubActivity"
144-->[com.google.android.gms:play-services-auth:18.1.0] AndroidManifest.xml:24:13-93
145            android:excludeFromRecents="true"
145-->[com.google.android.gms:play-services-auth:18.1.0] AndroidManifest.xml:25:13-46
146            android:exported="false"
146-->[com.google.android.gms:play-services-auth:18.1.0] AndroidManifest.xml:26:13-37
147            android:theme="@android:style/Theme.Translucent.NoTitleBar" />
147-->[com.google.android.gms:play-services-auth:18.1.0] AndroidManifest.xml:27:13-72
148        <!--
149            Service handling Google Sign-In user revocation. For apps that do not integrate with
150            Google Sign-In, this service will never be started.
151        -->
152        <service
152-->[com.google.android.gms:play-services-auth:18.1.0] AndroidManifest.xml:33:9-37:51
153            android:name="com.google.android.gms.auth.api.signin.RevocationBoundService"
153-->[com.google.android.gms:play-services-auth:18.1.0] AndroidManifest.xml:34:13-89
154            android:exported="true"
154-->[com.google.android.gms:play-services-auth:18.1.0] AndroidManifest.xml:35:13-36
155            android:permission="com.google.android.gms.auth.api.signin.permission.REVOCATION_NOTIFICATION"
155-->[com.google.android.gms:play-services-auth:18.1.0] AndroidManifest.xml:36:13-107
156            android:visibleToInstantApps="true" />
156-->[com.google.android.gms:play-services-auth:18.1.0] AndroidManifest.xml:37:13-48
157
158        <meta-data
158-->[com.onesignal:OneSignal:3.15.4] AndroidManifest.xml:49:9-51:51
159            android:name="onesignal_app_id"
159-->[com.onesignal:OneSignal:3.15.4] AndroidManifest.xml:50:13-44
160            android:value="" /> <!-- Deprecated - Pulled from OneSignal dashboard. -->
160-->[com.onesignal:OneSignal:3.15.4] AndroidManifest.xml:51:13-48
161        <meta-data
161-->[com.onesignal:OneSignal:3.15.4] AndroidManifest.xml:53:9-55:70
162            android:name="onesignal_google_project_number"
162-->[com.onesignal:OneSignal:3.15.4] AndroidManifest.xml:54:13-59
163            android:value="str:REMOTE" />
163-->[com.onesignal:OneSignal:3.15.4] AndroidManifest.xml:55:13-67
164
165        <receiver
165-->[com.onesignal:OneSignal:3.15.4] AndroidManifest.xml:57:9-67:20
166            android:name="com.onesignal.GcmBroadcastReceiver"
166-->[com.onesignal:OneSignal:3.15.4] AndroidManifest.xml:58:13-62
167            android:permission="com.google.android.c2dm.permission.SEND" >
167-->[com.onesignal:OneSignal:3.15.4] AndroidManifest.xml:59:13-73
168
169            <!-- High priority so OneSignal payloads can be filtered from other GCM receivers if filterOtherGCMReceivers is enabled. -->
170            <intent-filter android:priority="999" >
170-->[com.onesignal:OneSignal:3.15.4] AndroidManifest.xml:62:13-66:29
170-->[com.onesignal:OneSignal:3.15.4] AndroidManifest.xml:62:28-50
171                <action android:name="com.google.android.c2dm.intent.RECEIVE" />
171-->[com.onesignal:OneSignal:3.15.4] AndroidManifest.xml:63:17-81
171-->[com.onesignal:OneSignal:3.15.4] AndroidManifest.xml:63:25-78
172
173                <category android:name="com.messengerclone" />
173-->[com.onesignal:OneSignal:3.15.4] AndroidManifest.xml:65:17-61
173-->[com.onesignal:OneSignal:3.15.4] AndroidManifest.xml:65:27-58
174            </intent-filter>
175        </receiver>
176        <receiver android:name="com.onesignal.NotificationOpenedReceiver" />
176-->[com.onesignal:OneSignal:3.15.4] AndroidManifest.xml:68:9-77
176-->[com.onesignal:OneSignal:3.15.4] AndroidManifest.xml:68:19-74
177
178        <service
178-->[com.onesignal:OneSignal:3.15.4] AndroidManifest.xml:70:9-76:19
179            android:name="com.onesignal.HmsMessageServiceOneSignal"
179-->[com.onesignal:OneSignal:3.15.4] AndroidManifest.xml:71:13-68
180            android:exported="false" >
180-->[com.onesignal:OneSignal:3.15.4] AndroidManifest.xml:72:13-37
181            <intent-filter>
181-->[com.onesignal:OneSignal:3.15.4] AndroidManifest.xml:73:13-75:29
182                <action android:name="com.huawei.push.action.MESSAGING_EVENT" />
182-->[com.onesignal:OneSignal:3.15.4] AndroidManifest.xml:74:17-81
182-->[com.onesignal:OneSignal:3.15.4] AndroidManifest.xml:74:25-78
183            </intent-filter>
184        </service>
185
186        <activity
186-->[com.onesignal:OneSignal:3.15.4] AndroidManifest.xml:78:9-84:20
187            android:name="com.onesignal.NotificationOpenedActivityHMS"
187-->[com.onesignal:OneSignal:3.15.4] AndroidManifest.xml:79:13-71
188            android:theme="@android:style/Theme.Translucent.NoTitleBar" >
188-->[com.onesignal:OneSignal:3.15.4] AndroidManifest.xml:80:13-72
189            <intent-filter>
189-->[com.onesignal:OneSignal:3.15.4] AndroidManifest.xml:81:13-83:29
190                <action android:name="android.intent.action.VIEW" />
190-->[com.google.firebase:firebase-auth:20.0.1] AndroidManifest.xml:34:17-69
190-->[com.google.firebase:firebase-auth:20.0.1] AndroidManifest.xml:34:25-66
191            </intent-filter>
192        </activity>
193
194        <service android:name="com.onesignal.GcmIntentService" />
194-->[com.onesignal:OneSignal:3.15.4] AndroidManifest.xml:86:9-66
194-->[com.onesignal:OneSignal:3.15.4] AndroidManifest.xml:86:18-63
195        <service
195-->[com.onesignal:OneSignal:3.15.4] AndroidManifest.xml:87:9-89:72
196            android:name="com.onesignal.GcmIntentJobService"
196-->[com.onesignal:OneSignal:3.15.4] AndroidManifest.xml:88:13-61
197            android:permission="android.permission.BIND_JOB_SERVICE" />
197-->[com.onesignal:OneSignal:3.15.4] AndroidManifest.xml:89:13-69
198        <service
198-->[com.onesignal:OneSignal:3.15.4] AndroidManifest.xml:90:9-92:72
199            android:name="com.onesignal.RestoreJobService"
199-->[com.onesignal:OneSignal:3.15.4] AndroidManifest.xml:91:13-59
200            android:permission="android.permission.BIND_JOB_SERVICE" />
200-->[com.onesignal:OneSignal:3.15.4] AndroidManifest.xml:92:13-69
201        <service
201-->[com.onesignal:OneSignal:3.15.4] AndroidManifest.xml:93:9-95:72
202            android:name="com.onesignal.RestoreKickoffJobService"
202-->[com.onesignal:OneSignal:3.15.4] AndroidManifest.xml:94:13-66
203            android:permission="android.permission.BIND_JOB_SERVICE" />
203-->[com.onesignal:OneSignal:3.15.4] AndroidManifest.xml:95:13-69
204        <service
204-->[com.onesignal:OneSignal:3.15.4] AndroidManifest.xml:96:9-98:43
205            android:name="com.onesignal.SyncService"
205-->[com.onesignal:OneSignal:3.15.4] AndroidManifest.xml:97:13-53
206            android:stopWithTask="true" />
206-->[com.onesignal:OneSignal:3.15.4] AndroidManifest.xml:98:13-40
207        <service
207-->[com.onesignal:OneSignal:3.15.4] AndroidManifest.xml:99:9-101:72
208            android:name="com.onesignal.SyncJobService"
208-->[com.onesignal:OneSignal:3.15.4] AndroidManifest.xml:100:13-56
209            android:permission="android.permission.BIND_JOB_SERVICE" />
209-->[com.onesignal:OneSignal:3.15.4] AndroidManifest.xml:101:13-69
210
211        <activity
211-->[com.onesignal:OneSignal:3.15.4] AndroidManifest.xml:103:9-105:75
212            android:name="com.onesignal.PermissionsActivity"
212-->[com.onesignal:OneSignal:3.15.4] AndroidManifest.xml:104:13-61
213            android:theme="@android:style/Theme.Translucent.NoTitleBar" />
213-->[com.onesignal:OneSignal:3.15.4] AndroidManifest.xml:105:13-72
214
215        <service android:name="com.onesignal.NotificationRestoreService" />
215-->[com.onesignal:OneSignal:3.15.4] AndroidManifest.xml:107:9-76
215-->[com.onesignal:OneSignal:3.15.4] AndroidManifest.xml:107:18-73
216
217        <receiver android:name="com.onesignal.BootUpReceiver" >
217-->[com.onesignal:OneSignal:3.15.4] AndroidManifest.xml:109:9-114:20
217-->[com.onesignal:OneSignal:3.15.4] AndroidManifest.xml:109:19-62
218            <intent-filter>
218-->[com.onesignal:OneSignal:3.15.4] AndroidManifest.xml:110:13-113:29
219                <action android:name="android.intent.action.BOOT_COMPLETED" />
219-->[com.onesignal:OneSignal:3.15.4] AndroidManifest.xml:111:17-79
219-->[com.onesignal:OneSignal:3.15.4] AndroidManifest.xml:111:25-76
220                <action android:name="android.intent.action.QUICKBOOT_POWERON" />
220-->[com.onesignal:OneSignal:3.15.4] AndroidManifest.xml:112:17-82
220-->[com.onesignal:OneSignal:3.15.4] AndroidManifest.xml:112:25-79
221            </intent-filter>
222        </receiver>
223        <receiver android:name="com.onesignal.UpgradeReceiver" >
223-->[com.onesignal:OneSignal:3.15.4] AndroidManifest.xml:115:9-119:20
223-->[com.onesignal:OneSignal:3.15.4] AndroidManifest.xml:115:19-63
224            <intent-filter>
224-->[com.onesignal:OneSignal:3.15.4] AndroidManifest.xml:116:13-118:29
225                <action android:name="android.intent.action.MY_PACKAGE_REPLACED" />
225-->[com.onesignal:OneSignal:3.15.4] AndroidManifest.xml:117:17-84
225-->[com.onesignal:OneSignal:3.15.4] AndroidManifest.xml:117:25-81
226            </intent-filter>
227        </receiver>
228        <!--
229             FirebaseMessagingService performs security checks at runtime,
230             but set to not exported to explicitly avoid allowing another app to call it.
231        -->
232        <service
232-->[com.google.firebase:firebase-messaging:21.0.0] AndroidManifest.xml:28:9-35:19
233            android:name="com.google.firebase.messaging.FirebaseMessagingService"
233-->[com.google.firebase:firebase-messaging:21.0.0] AndroidManifest.xml:29:13-82
234            android:directBootAware="true"
234-->[com.google.firebase:firebase-messaging:21.0.0] AndroidManifest.xml:30:13-43
235            android:exported="false" >
235-->[com.google.firebase:firebase-messaging:21.0.0] AndroidManifest.xml:31:13-37
236            <intent-filter android:priority="-500" >
236-->[com.google.firebase:firebase-messaging:21.0.0] AndroidManifest.xml:32:13-34:29
236-->[com.google.firebase:firebase-messaging:21.0.0] AndroidManifest.xml:32:28-51
237                <action android:name="com.google.firebase.MESSAGING_EVENT" />
237-->[com.google.firebase:firebase-messaging:21.0.0] AndroidManifest.xml:33:17-78
237-->[com.google.firebase:firebase-messaging:21.0.0] AndroidManifest.xml:33:25-75
238            </intent-filter>
239        </service>
240
241        <receiver
241-->[com.google.firebase:firebase-iid:21.0.0] AndroidManifest.xml:37:9-44:20
242            android:name="com.google.firebase.iid.FirebaseInstanceIdReceiver"
242-->[com.google.firebase:firebase-iid:21.0.0] AndroidManifest.xml:38:13-78
243            android:exported="true"
243-->[com.google.firebase:firebase-iid:21.0.0] AndroidManifest.xml:39:13-36
244            android:permission="com.google.android.c2dm.permission.SEND" >
244-->[com.google.firebase:firebase-iid:21.0.0] AndroidManifest.xml:40:13-73
245            <intent-filter>
245-->[com.google.firebase:firebase-iid:21.0.0] AndroidManifest.xml:41:13-43:29
246                <action android:name="com.google.android.c2dm.intent.RECEIVE" />
246-->[com.onesignal:OneSignal:3.15.4] AndroidManifest.xml:63:17-81
246-->[com.onesignal:OneSignal:3.15.4] AndroidManifest.xml:63:25-78
247            </intent-filter>
248        </receiver>
249
250        <activity
250-->[com.google.android.gms:play-services-base:17.1.0] AndroidManifest.xml:23:9-26:75
251            android:name="com.google.android.gms.common.api.GoogleApiActivity"
251-->[com.google.android.gms:play-services-base:17.1.0] AndroidManifest.xml:24:13-79
252            android:exported="false"
252-->[com.google.android.gms:play-services-base:17.1.0] AndroidManifest.xml:25:13-37
253            android:theme="@android:style/Theme.Translucent.NoTitleBar" />
253-->[com.google.android.gms:play-services-base:17.1.0] AndroidManifest.xml:26:13-72
254
255        <provider
255-->[com.google.firebase:firebase-common:19.4.0] AndroidManifest.xml:26:9-31:39
256            android:name="com.google.firebase.provider.FirebaseInitProvider"
256-->[com.google.firebase:firebase-common:19.4.0] AndroidManifest.xml:27:13-77
257            android:authorities="com.messengerclone.firebaseinitprovider"
257-->[com.google.firebase:firebase-common:19.4.0] AndroidManifest.xml:28:13-72
258            android:directBootAware="true"